<?xml version="1.0"?>
<!DOCTYPE coverage SYSTEM "http://cobertura.sourceforge.net/xml/coverage-04.dtd">
<coverage 
line-rate="0.27" lines-valid="2488" lines-covered="663" branches-valid="132" branches-covered="30" branch-rate="0.23" complexity="0" version="1.0" timestamp="1654707801600">
    <sources>
        <source>--source</source>
        <source>/usr/src/server/app</source>
        <source>/usr/src/server/target/scala-2.13/routes/main</source>
    </sources>
    <packages>
        <package name="controllers" line-rate="0.47" branch-rate="0.28" complexity="0">
            <classes>
                <class 
                name="controllers.ReverseFileController" filename="controllers/ReverseRoutes.scala" line-rate="0.52" branch-rate="0.50" complexity="0">
                    <methods>
                        <method 
                        name="controllers/ReverseFileController/adminShow" signature="()V" line-rate="1.00" branch-rate="1.00" complexity="0">
                            <lines>
                                <line number="119" hits="1" branch="false"/>
                                <line number="119" hits="1" branch="false"/>
                                <line number="119" hits="1" branch="false"/>
                                <line number="119" hits="1" branch="false"/>
                                <line number="119" hits="1" branch="false"/>
                                <line number="119" hits="1" branch="false"/>
                                <line number="119" hits="1" branch="false"/>
                                <line number="119" hits="1" branch="false"/>
                                <line number="119" hits="1" branch="false"/>
                                <line number="119" hits="1" branch="false"/>
                                <line number="119" hits="1" branch="false"/>
                            </lines>
</method>
                        <method 
                        name="controllers/ReverseFileController/show" signature="()V" line-rate="0.00" branch-rate="0.00" complexity="0">
                            <lines>
                                <line number="125" hits="0" branch="false"/>
                                <line number="125" hits="0" branch="false"/>
                                <line number="125" hits="0" branch="false"/>
                                <line number="125" hits="0" branch="false"/>
                                <line number="125" hits="0" branch="false"/>
                                <line number="125" hits="0" branch="false"/>
                                <line number="125" hits="0" branch="false"/>
                                <line number="125" hits="0" branch="false"/>
                                <line number="125" hits="0" branch="false"/>
                                <line number="125" hits="0" branch="false"/>
                                <line number="125" hits="0" branch="false"/>
                            </lines>
</method>
                        <method 
                        name="controllers/ReverseFileController/_defaultPrefix" signature="()V" line-rate="0.60" branch-rate="0.50" complexity="0">
                            <lines>
                                <line number="112" hits="0" branch="false"/>
                                <line number="112" hits="1" branch="false"/>
                                <line number="112" hits="1" branch="true"/>
                                <line number="112" hits="1" branch="false"/>
                                <line number="112" hits="0" branch="true"/>
                            </lines>
</method>
                    </methods>
                    <lines>
                        <line number="119" hits="1" branch="false"/>
                        <line number="125" hits="0" branch="false"/>
                        <line number="112" hits="0" branch="false"/>
                        <line number="119" hits="1" branch="false"/>
                        <line number="125" hits="0" branch="false"/>
                        <line number="119" hits="1" branch="false"/>
                        <line number="112" hits="1" branch="false"/>
                        <line number="119" hits="1" branch="false"/>
                        <line number="125" hits="0" branch="false"/>
                        <line number="125" hits="0" branch="false"/>
                        <line number="125" hits="0" branch="false"/>
                        <line number="112" hits="1" branch="true"/>
                        <line number="119" hits="1" branch="false"/>
                        <line number="119" hits="1" branch="false"/>
                        <line number="119" hits="1" branch="false"/>
                        <line number="125" hits="0" branch="false"/>
                        <line number="125" hits="0" branch="false"/>
                        <line number="119" hits="1" branch="false"/>
                        <line number="119" hits="1" branch="false"/>
                        <line number="125" hits="0" branch="false"/>
                        <line number="125" hits="0" branch="false"/>
                        <line number="119" hits="1" branch="false"/>
                        <line number="125" hits="0" branch="false"/>
                        <line number="112" hits="1" branch="false"/>
                        <line number="112" hits="0" branch="true"/>
                        <line number="119" hits="1" branch="false"/>
                        <line number="125" hits="0" branch="false"/>
                    </lines>
</class>
                <class 
                name="controllers.ReverseAssets" filename="controllers/ReverseRoutes.scala" line-rate="0.00" branch-rate="0.00" complexity="0">
                    <methods>
                        <method name="controllers/ReverseAssets/versioned" signature="()V" line-rate="0.00" branch-rate="0.00" complexity="0">
                            <lines>
                                <line number="23" hits="0" branch="false"/>
                                <line number="23" hits="0" branch="false"/>
                                <line number="23" hits="0" branch="false"/>
                                <line number="23" hits="0" branch="false"/>
                                <line number="23" hits="0" branch="false"/>
                                <line number="23" hits="0" branch="false"/>
                                <line number="23" hits="0" branch="false"/>
                            </lines>
                        </method>
                        <method 
                        name="controllers/ReverseAssets/_defaultPrefix" signature="()V" line-rate="0.00" branch-rate="0.00" complexity="0">
                            <lines>
                                <line number="16" hits="0" branch="false"/>
                                <line number="16" hits="0" branch="true"/>
                                <line number="16" hits="0" branch="false"/>
                                <line number="16" hits="0" branch="false"/>
                                <line number="16" hits="0" branch="true"/>
                            </lines>
</method>
                    </methods>
                    <lines>
                        <line number="23" hits="0" branch="false"/>
                        <line number="23" hits="0" branch="false"/>
                        <line number="16" hits="0" branch="false"/>
                        <line number="16" hits="0" branch="true"/>
                        <line number="16" hits="0" branch="false"/>
                        <line number="23" hits="0" branch="false"/>
                        <line number="23" hits="0" branch="false"/>
                        <line number="16" hits="0" branch="false"/>
                        <line number="23" hits="0" branch="false"/>
                        <line number="16" hits="0" branch="true"/>
                        <line number="23" hits="0" branch="false"/>
                        <line number="23" hits="0" branch="false"/>
                    </lines>
</class>
                <class 
                name="controllers.ReverseProfileController" filename="controllers/ReverseRoutes.scala" line-rate="0.41" branch-rate="0.50" complexity="0">
                    <methods>
                        <method 
                        name="controllers/ReverseProfileController/profilePage" signature="()V" line-rate="0.00" branch-rate="0.00" complexity="0">
                            <lines>
                                <line number="44" hits="0" branch="false"/>
                                <line number="44" hits="0" branch="false"/>
                                <line number="44" hits="0" branch="false"/>
                                <line number="44" hits="0" branch="false"/>
                                <line number="44" hits="0" branch="false"/>
                                <line number="44" hits="0" branch="false"/>
                                <line number="44" hits="0" branch="false"/>
                                <line number="44" hits="0" branch="false"/>
                            </lines>
</method>
                        <method 
                        name="controllers/ReverseProfileController/_defaultPrefix" signature="()V" line-rate="0.60" branch-rate="0.50" complexity="0">
                            <lines>
                                <line number="31" hits="0" branch="true"/>
                                <line number="31" hits="1" branch="false"/>
                                <line number="31" hits="1" branch="false"/>
                                <line number="31" hits="0" branch="false"/>
                                <line number="31" hits="1" branch="true"/>
                            </lines>
</method>
                        <method 
                        name="controllers/ReverseProfileController/myProfile" signature="()V" line-rate="1.00" branch-rate="1.00" complexity="0">
                            <lines>
                                <line number="38" hits="1" branch="false"/>
                                <line number="38" hits="1" branch="false"/>
                                <line number="38" hits="1" branch="false"/>
                                <line number="38" hits="1" branch="false"/>
                            </lines>
</method>
                    </methods>
                    <lines>
                        <line number="44" hits="0" branch="false"/>
                        <line number="31" hits="0" branch="true"/>
                        <line number="44" hits="0" branch="false"/>
                        <line number="44" hits="0" branch="false"/>
                        <line number="38" hits="1" branch="false"/>
                        <line number="31" hits="1" branch="false"/>
                        <line number="31" hits="1" branch="false"/>
                        <line number="44" hits="0" branch="false"/>
                        <line number="31" hits="0" branch="false"/>
                        <line number="44" hits="0" branch="false"/>
                        <line number="38" hits="1" branch="false"/>
                        <line number="44" hits="0" branch="false"/>
                        <line number="44" hits="0" branch="false"/>
                        <line number="38" hits="1" branch="false"/>
                        <line number="38" hits="1" branch="false"/>
                        <line number="31" hits="1" branch="true"/>
                        <line number="44" hits="0" branch="false"/>
                    </lines>
</class>
                <class 
                name="controllers.ReverseHomeController" filename="controllers/ReverseRoutes.scala" line-rate="0.78" branch-rate="0.50" complexity="0">
                    <methods>
                        <method 
                        name="controllers/ReverseHomeController/_defaultPrefix" signature="()V" line-rate="0.60" branch-rate="0.50" complexity="0">
                            <lines>
                                <line number="52" hits="1" branch="true"/>
                                <line number="52" hits="1" branch="false"/>
                                <line number="52" hits="0" branch="true"/>
                                <line number="52" hits="1" branch="false"/>
                                <line number="52" hits="0" branch="false"/>
                            </lines>
</method>
                        <method 
                        name="controllers/ReverseHomeController/playIndex" signature="()V" line-rate="0.00" branch-rate="0.00" complexity="0">
                            <lines>
                                <line number="65" hits="0" branch="false"/>
                                <line number="65" hits="0" branch="false"/>
                                <line number="65" hits="0" branch="false"/>
                                <line number="65" hits="0" branch="false"/>
                            </lines>
</method>
                        <method 
                        name="controllers/ReverseHomeController/securePlayIndex" signature="()V" line-rate="1.00" branch-rate="1.00" complexity="0">
                            <lines>
                                <line number="71" hits="1" branch="false"/>
                                <line number="71" hits="1" branch="false"/>
                                <line number="71" hits="1" branch="false"/>
                                <line number="71" hits="1" branch="false"/>
                            </lines>
</method>
                        <method 
                        name="controllers/ReverseHomeController/loginForm" signature="()V" line-rate="1.00" branch-rate="1.00" complexity="0">
                            <lines>
                                <line number="77" hits="1" branch="false"/>
                                <line number="77" hits="1" branch="false"/>
                                <line number="77" hits="1" branch="false"/>
                                <line number="77" hits="1" branch="false"/>
                                <line number="77" hits="1" branch="false"/>
                                <line number="77" hits="1" branch="false"/>
                                <line number="77" hits="1" branch="false"/>
                                <line number="77" hits="1" branch="false"/>
                                <line number="77" hits="1" branch="false"/>
                                <line number="77" hits="1" branch="false"/>
                            </lines>
</method>
                        <method 
                        name="controllers/ReverseHomeController/index" signature="()V" line-rate="1.00" branch-rate="1.00" complexity="0">
                            <lines>
                                <line number="59" hits="1" branch="false"/>
                                <line number="59" hits="1" branch="false"/>
                                <line number="59" hits="1" branch="false"/>
                                <line number="59" hits="1" branch="false"/>
                            </lines>
</method>
                    </methods>
                    <lines>
                        <line number="77" hits="1" branch="false"/>
                        <line number="52" hits="1" branch="true"/>
                        <line number="65" hits="0" branch="false"/>
                        <line number="77" hits="1" branch="false"/>
                        <line number="59" hits="1" branch="false"/>
                        <line number="71" hits="1" branch="false"/>
                        <line number="77" hits="1" branch="false"/>
                        <line number="59" hits="1" branch="false"/>
                        <line number="77" hits="1" branch="false"/>
                        <line number="71" hits="1" branch="false"/>
                        <line number="77" hits="1" branch="false"/>
                        <line number="65" hits="0" branch="false"/>
                        <line number="77" hits="1" branch="false"/>
                        <line number="52" hits="1" branch="false"/>
                        <line number="71" hits="1" branch="false"/>
                        <line number="77" hits="1" branch="false"/>
                        <line number="52" hits="0" branch="true"/>
                        <line number="59" hits="1" branch="false"/>
                        <line number="71" hits="1" branch="false"/>
                        <line number="77" hits="1" branch="false"/>
                        <line number="59" hits="1" branch="false"/>
                        <line number="77" hits="1" branch="false"/>
                        <line number="52" hits="1" branch="false"/>
                        <line number="65" hits="0" branch="false"/>
                        <line number="65" hits="0" branch="false"/>
                        <line number="77" hits="1" branch="false"/>
                        <line number="52" hits="0" branch="false"/>
                    </lines>
</class>
                <class 
                name="controllers.ReverseUntrailingController" filename="controllers/ReverseRoutes.scala" line-rate="0.00" branch-rate="0.00" complexity="0">
                    <methods>
                        <method 
                        name="controllers/ReverseUntrailingController/_defaultPrefix" signature="()V" line-rate="0.00" branch-rate="0.00" complexity="0">
                            <lines>
                                <line number="197" hits="0" branch="false"/>
                                <line number="197" hits="0" branch="true"/>
                                <line number="197" hits="0" branch="false"/>
                                <line number="197" hits="0" branch="false"/>
                                <line number="197" hits="0" branch="true"/>
                            </lines>
</method>
                        <method 
                        name="controllers/ReverseUntrailingController/untrail" signature="()V" line-rate="0.00" branch-rate="0.00" complexity="0">
                            <lines>
                                <line number="204" hits="0" branch="false"/>
                                <line number="204" hits="0" branch="false"/>
                                <line number="204" hits="0" branch="false"/>
                                <line number="204" hits="0" branch="false"/>
                            </lines>
</method>
                    </methods>
                    <lines>
                        <line number="197" hits="0" branch="false"/>
                        <line number="197" hits="0" branch="true"/>
                        <line number="197" hits="0" branch="false"/>
                        <line number="204" hits="0" branch="false"/>
                        <line number="197" hits="0" branch="false"/>
                        <line number="197" hits="0" branch="true"/>
                        <line number="204" hits="0" branch="false"/>
                        <line number="204" hits="0" branch="false"/>
                        <line number="204" hits="0" branch="false"/>
                    </lines>
</class>
                <class 
                name="controllers.ReverseCallbackController" filename="controllers/ReverseRoutes.scala" line-rate="0.93" branch-rate="0.50" complexity="0">
                    <methods>
                        <method 
                        name="controllers/ReverseCallbackController/_defaultPrefix" signature="()V" line-rate="0.60" branch-rate="0.50" complexity="0">
                            <lines>
                                <line number="160" hits="1" branch="false"/>
                                <line number="160" hits="0" branch="true"/>
                                <line number="160" hits="1" branch="false"/>
                                <line number="160" hits="0" branch="false"/>
                                <line number="160" hits="1" branch="true"/>
                            </lines>
</method>
                        <method 
                        name="controllers/ReverseCallbackController/callback" signature="()V" line-rate="1.00" branch-rate="1.00" complexity="0">
                            <lines>
                                <line number="172" hits="1" branch="false"/>
                                <line number="172" hits="1" branch="false"/>
                                <line number="172" hits="1" branch="false"/>
                                <line number="172" hits="1" branch="false"/>
                                <line number="172" hits="1" branch="false"/>
                                <line number="172" hits="1" branch="false"/>
                                <line number="172" hits="1" branch="false"/>
                                <line number="172" hits="1" branch="false"/>
                                <line number="172" hits="1" branch="false"/>
                                <line number="172" hits="1" branch="false"/>
                            </lines>
</method>
                        <method 
                        name="controllers/ReverseCallbackController/fakeAdmin" signature="()V" line-rate="1.00" branch-rate="1.00" complexity="0">
                            <lines>
                                <line number="186" hits="1" branch="false"/>
                                <line number="186" hits="1" branch="false"/>
                                <line number="186" hits="1" branch="false"/>
                                <line number="186" hits="1" branch="false"/>
                                <line number="186" hits="1" branch="false"/>
                                <line number="186" hits="1" branch="false"/>
                                <line number="186" hits="1" branch="false"/>
                                <line number="186" hits="1" branch="false"/>
                                <line number="186" hits="1" branch="false"/>
                                <line number="186" hits="1" branch="false"/>
                                <line number="186" hits="1" branch="false"/>
                                <line number="186" hits="1" branch="false"/>
                            </lines>
</method>
                    </methods>
                    <lines>
                        <line number="160" hits="1" branch="false"/>
                        <line number="172" hits="1" branch="false"/>
                        <line number="186" hits="1" branch="false"/>
                        <line number="186" hits="1" branch="false"/>
                        <line number="160" hits="0" branch="true"/>
                        <line number="172" hits="1" branch="false"/>
                        <line number="172" hits="1" branch="false"/>
                        <line number="186" hits="1" branch="false"/>
                        <line number="186" hits="1" branch="false"/>
                        <line number="160" hits="1" branch="false"/>
                        <line number="172" hits="1" branch="false"/>
                        <line number="186" hits="1" branch="false"/>
                        <line number="160" hits="0" branch="false"/>
                        <line number="172" hits="1" branch="false"/>
                        <line number="186" hits="1" branch="false"/>
                        <line number="172" hits="1" branch="false"/>
                        <line number="186" hits="1" branch="false"/>
                        <line number="160" hits="1" branch="true"/>
                        <line number="172" hits="1" branch="false"/>
                        <line number="186" hits="1" branch="false"/>
                        <line number="172" hits="1" branch="false"/>
                        <line number="172" hits="1" branch="false"/>
                        <line number="186" hits="1" branch="false"/>
                        <line number="186" hits="1" branch="false"/>
                        <line number="186" hits="1" branch="false"/>
                        <line number="172" hits="1" branch="false"/>
                        <line number="186" hits="1" branch="false"/>
                    </lines>
</class>
                <class 
                name="controllers.ReverseLegacyRoutesController" filename="controllers/ReverseRoutes.scala" line-rate="0.00" branch-rate="0.00" complexity="0">
                    <methods>
                        <method 
                        name="controllers/ReverseLegacyRoutesController/_defaultPrefix" signature="()V" line-rate="0.00" branch-rate="0.00" complexity="0">
                            <lines>
                                <line number="133" hits="0" branch="false"/>
                                <line number="133" hits="0" branch="false"/>
                                <line number="133" hits="0" branch="true"/>
                                <line number="133" hits="0" branch="false"/>
                                <line number="133" hits="0" branch="true"/>
                            </lines>
</method>
                        <method 
                        name="controllers/ReverseLegacyRoutesController/idcsLoginWithRedirect" signature="()V" line-rate="0.00" branch-rate="0.00" complexity="0">
                            <lines>
                                <line number="140" hits="0" branch="false"/>
                                <line number="140" hits="0" branch="false"/>
                                <line number="140" hits="0" branch="false"/>
                                <line number="140" hits="0" branch="false"/>
                                <line number="140" hits="0" branch="false"/>
                                <line number="140" hits="0" branch="false"/>
                                <line number="140" hits="0" branch="false"/>
                                <line number="140" hits="0" branch="false"/>
                                <line number="140" hits="0" branch="false"/>
                                <line number="140" hits="0" branch="false"/>
                            </lines>
</method>
                        <method 
                        name="controllers/ReverseLegacyRoutesController/loginRadiusLoginWithRedirect" signature="()V" line-rate="0.00" branch-rate="0.00" complexity="0">
                            <lines>
                                <line number="152" hits="0" branch="false"/>
                                <line number="152" hits="0" branch="false"/>
                                <line number="152" hits="0" branch="false"/>
                                <line number="152" hits="0" branch="false"/>
                                <line number="152" hits="0" branch="false"/>
                                <line number="152" hits="0" branch="false"/>
                                <line number="152" hits="0" branch="false"/>
                                <line number="152" hits="0" branch="false"/>
                                <line number="152" hits="0" branch="false"/>
                                <line number="152" hits="0" branch="false"/>
                            </lines>
</method>
                        <method 
                        name="controllers/ReverseLegacyRoutesController/adfsLogin" signature="()V" line-rate="0.00" branch-rate="0.00" complexity="0">
                            <lines>
                                <line number="146" hits="0" branch="false"/>
                                <line number="146" hits="0" branch="false"/>
                                <line number="146" hits="0" branch="false"/>
                                <line number="146" hits="0" branch="false"/>
                            </lines>
</method>
                    </methods>
                    <lines>
                        <line number="133" hits="0" branch="false"/>
                        <line number="140" hits="0" branch="false"/>
                        <line number="152" hits="0" branch="false"/>
                        <line number="152" hits="0" branch="false"/>
                        <line number="146" hits="0" branch="false"/>
                        <line number="140" hits="0" branch="false"/>
                        <line number="152" hits="0" branch="false"/>
                        <line number="146" hits="0" branch="false"/>
                        <line number="140" hits="0" branch="false"/>
                        <line number="133" hits="0" branch="false"/>
                        <line number="146" hits="0" branch="false"/>
                        <line number="152" hits="0" branch="false"/>
                        <line number="140" hits="0" branch="false"/>
                        <line number="140" hits="0" branch="false"/>
                        <line number="152" hits="0" branch="false"/>
                        <line number="133" hits="0" branch="true"/>
                        <line number="152" hits="0" branch="false"/>
                        <line number="140" hits="0" branch="false"/>
                        <line number="140" hits="0" branch="false"/>
                        <line number="152" hits="0" branch="false"/>
                        <line number="140" hits="0" branch="false"/>
                        <line number="152" hits="0" branch="false"/>
                        <line number="140" hits="0" branch="false"/>
                        <line number="146" hits="0" branch="false"/>
                        <line number="152" hits="0" branch="false"/>
                        <line number="152" hits="0" branch="false"/>
                        <line number="133" hits="0" branch="false"/>
                        <line number="140" hits="0" branch="false"/>
                        <line number="133" hits="0" branch="true"/>
                    </lines>
</class>
                <class 
                name="controllers.ReverseLoginController" filename="controllers/ReverseRoutes.scala" line-rate="0.74" branch-rate="0.50" complexity="0">
                    <methods>
                        <method 
                        name="controllers/ReverseLoginController/register" signature="()V" line-rate="0.00" branch-rate="0.00" complexity="0">
                            <lines>
                                <line number="104" hits="0" branch="false"/>
                                <line number="104" hits="0" branch="false"/>
                                <line number="104" hits="0" branch="false"/>
                                <line number="104" hits="0" branch="false"/>
                            </lines>
</method>
                        <method 
                        name="controllers/ReverseLoginController/_defaultPrefix" signature="()V" line-rate="0.60" branch-rate="0.50" complexity="0">
                            <lines>
                                <line number="85" hits="1" branch="true"/>
                                <line number="85" hits="1" branch="false"/>
                                <line number="85" hits="0" branch="true"/>
                                <line number="85" hits="0" branch="false"/>
                                <line number="85" hits="1" branch="false"/>
                            </lines>
</method>
                        <method 
                        name="controllers/ReverseLoginController/applicantLogin" signature="()V" line-rate="1.00" branch-rate="1.00" complexity="0">
                            <lines>
                                <line number="98" hits="1" branch="false"/>
                                <line number="98" hits="1" branch="false"/>
                                <line number="98" hits="1" branch="false"/>
                                <line number="98" hits="1" branch="false"/>
                                <line number="98" hits="1" branch="false"/>
                                <line number="98" hits="1" branch="false"/>
                                <line number="98" hits="1" branch="false"/>
                                <line number="98" hits="1" branch="false"/>
                                <line number="98" hits="1" branch="false"/>
                                <line number="98" hits="1" branch="false"/>
                            </lines>
</method>
                        <method 
                        name="controllers/ReverseLoginController/adminLogin" signature="()V" line-rate="1.00" branch-rate="1.00" complexity="0">
                            <lines>
                                <line number="92" hits="1" branch="false"/>
                                <line number="92" hits="1" branch="false"/>
                                <line number="92" hits="1" branch="false"/>
                                <line number="92" hits="1" branch="false"/>
                            </lines>
</method>
                    </methods>
                    <lines>
                        <line number="104" hits="0" branch="false"/>
                        <line number="85" hits="1" branch="true"/>
                        <line number="98" hits="1" branch="false"/>
                        <line number="92" hits="1" branch="false"/>
                        <line number="98" hits="1" branch="false"/>
                        <line number="98" hits="1" branch="false"/>
                        <line number="92" hits="1" branch="false"/>
                        <line number="92" hits="1" branch="false"/>
                        <line number="98" hits="1" branch="false"/>
                        <line number="85" hits="1" branch="false"/>
                        <line number="98" hits="1" branch="false"/>
                        <line number="104" hits="0" branch="false"/>
                        <line number="104" hits="0" branch="false"/>
                        <line number="98" hits="1" branch="false"/>
                        <line number="85" hits="0" branch="true"/>
                        <line number="85" hits="0" branch="false"/>
                        <line number="98" hits="1" branch="false"/>
                        <line number="104" hits="0" branch="false"/>
                        <line number="92" hits="1" branch="false"/>
                        <line number="98" hits="1" branch="false"/>
                        <line number="85" hits="1" branch="false"/>
                        <line number="98" hits="1" branch="false"/>
                        <line number="98" hits="1" branch="false"/>
                    </lines>
</class>
                <class 
                name="controllers.ReverseSupportController" filename="controllers/ReverseRoutes.scala" line-rate="0.00" branch-rate="0.00" complexity="0">
                    <methods>
                        <method 
                        name="controllers/ReverseSupportController/_defaultPrefix" signature="()V" line-rate="0.00" branch-rate="0.00" complexity="0">
                            <lines>
                                <line number="212" hits="0" branch="false"/>
                                <line number="212" hits="0" branch="true"/>
                                <line number="212" hits="0" branch="false"/>
                                <line number="212" hits="0" branch="false"/>
                                <line number="212" hits="0" branch="true"/>
                            </lines>
</method>
                        <method 
                        name="controllers/ReverseSupportController/handleUnconfirmedIdcsEmail" signature="()V" line-rate="0.00" branch-rate="0.00" complexity="0">
                            <lines>
                                <line number="219" hits="0" branch="false"/>
                                <line number="219" hits="0" branch="false"/>
                                <line number="219" hits="0" branch="false"/>
                                <line number="219" hits="0" branch="false"/>
                            </lines>
</method>
                    </methods>
                    <lines>
                        <line number="212" hits="0" branch="false"/>
                        <line number="212" hits="0" branch="true"/>
                        <line number="212" hits="0" branch="false"/>
                        <line number="219" hits="0" branch="false"/>
                        <line number="212" hits="0" branch="false"/>
                        <line number="219" hits="0" branch="false"/>
                        <line number="212" hits="0" branch="true"/>
                        <line number="219" hits="0" branch="false"/>
                        <line number="219" hits="0" branch="false"/>
                    </lines>
</class>
            </classes>
        </package>
        <package name="controllers.admin" line-rate="0.67" branch-rate="0.50" complexity="0">
            <classes>
                <class 
                name="controllers.admin.ReverseAdminApiKeysController" filename="controllers/admin/ReverseRoutes.scala" line-rate="0.33" branch-rate="0.50" complexity="0">
                    <methods>
                        <method 
                        name="controllers.admin/ReverseAdminApiKeysController/_defaultPrefix" signature="()V" line-rate="0.60" branch-rate="0.50" complexity="0">
                            <lines>
                                <line number="352" hits="0" branch="false"/>
                                <line number="352" hits="1" branch="false"/>
                                <line number="352" hits="1" branch="true"/>
                                <line number="352" hits="0" branch="true"/>
                                <line number="352" hits="1" branch="false"/>
                            </lines>
</method>
                        <method 
                        name="controllers.admin/ReverseAdminApiKeysController/create" signature="()V" line-rate="0.00" branch-rate="0.00" complexity="0">
                            <lines>
                                <line number="371" hits="0" branch="false"/>
                                <line number="371" hits="0" branch="false"/>
                                <line number="371" hits="0" branch="false"/>
                                <line number="371" hits="0" branch="false"/>
                            </lines>
</method>
                        <method 
                        name="controllers.admin/ReverseAdminApiKeysController/index" signature="()V" line-rate="1.00" branch-rate="1.00" complexity="0">
                            <lines>
                                <line number="359" hits="1" branch="false"/>
                                <line number="359" hits="1" branch="false"/>
                                <line number="359" hits="1" branch="false"/>
                                <line number="359" hits="1" branch="false"/>
                            </lines>
</method>
                        <method 
                        name="controllers.admin/ReverseAdminApiKeysController/newOne" signature="()V" line-rate="0.00" branch-rate="0.00" complexity="0">
                            <lines>
                                <line number="365" hits="0" branch="false"/>
                                <line number="365" hits="0" branch="false"/>
                                <line number="365" hits="0" branch="false"/>
                                <line number="365" hits="0" branch="false"/>
                            </lines>
</method>
                        <method 
                        name="controllers.admin/ReverseAdminApiKeysController/retire" signature="()V" line-rate="0.00" branch-rate="0.00" complexity="0">
                            <lines>
                                <line number="377" hits="0" branch="false"/>
                                <line number="377" hits="0" branch="false"/>
                                <line number="377" hits="0" branch="false"/>
                                <line number="377" hits="0" branch="false"/>
                            </lines>
</method>
                    </methods>
                    <lines>
                        <line number="352" hits="0" branch="false"/>
                        <line number="365" hits="0" branch="false"/>
                        <line number="371" hits="0" branch="false"/>
                        <line number="359" hits="1" branch="false"/>
                        <line number="352" hits="1" branch="false"/>
                        <line number="365" hits="0" branch="false"/>
                        <line number="359" hits="1" branch="false"/>
                        <line number="377" hits="0" branch="false"/>
                        <line number="365" hits="0" branch="false"/>
                        <line number="377" hits="0" branch="false"/>
                        <line number="352" hits="1" branch="true"/>
                        <line number="359" hits="1" branch="false"/>
                        <line number="371" hits="0" branch="false"/>
                        <line number="371" hits="0" branch="false"/>
                        <line number="352" hits="0" branch="true"/>
                        <line number="371" hits="0" branch="false"/>
                        <line number="359" hits="1" branch="false"/>
                        <line number="377" hits="0" branch="false"/>
                        <line number="352" hits="1" branch="false"/>
                        <line number="365" hits="0" branch="false"/>
                        <line number="377" hits="0" branch="false"/>
                    </lines>
</class>
                <class 
                name="controllers.admin.ReverseAdminProgramController" filename="controllers/admin/ReverseRoutes.scala" line-rate="0.95" branch-rate="0.50" complexity="0">
                    <methods>
                        <method 
                        name="controllers.admin/ReverseAdminProgramController/edit" signature="()V" line-rate="1.00" branch-rate="1.00" complexity="0">
                            <lines>
                                <line number="86" hits="1" branch="false"/>
                                <line number="86" hits="1" branch="false"/>
                                <line number="86" hits="1" branch="false"/>
                                <line number="86" hits="1" branch="false"/>
                            </lines>
</method>
                        <method 
                        name="controllers.admin/ReverseAdminProgramController/create" signature="()V" line-rate="1.00" branch-rate="1.00" complexity="0">
                            <lines>
                                <line number="74" hits="1" branch="false"/>
                                <line number="74" hits="1" branch="false"/>
                                <line number="74" hits="1" branch="false"/>
                                <line number="74" hits="1" branch="false"/>
                            </lines>
</method>
                        <method 
                        name="controllers.admin/ReverseAdminProgramController/newOne" signature="()V" line-rate="1.00" branch-rate="1.00" complexity="0">
                            <lines>
                                <line number="68" hits="1" branch="false"/>
                                <line number="68" hits="1" branch="false"/>
                                <line number="68" hits="1" branch="false"/>
                                <line number="68" hits="1" branch="false"/>
                            </lines>
</method>
                        <method 
                        name="controllers.admin/ReverseAdminProgramController/_defaultPrefix" signature="()V" line-rate="0.60" branch-rate="0.50" complexity="0">
                            <lines>
                                <line number="43" hits="1" branch="true"/>
                                <line number="43" hits="0" branch="true"/>
                                <line number="43" hits="1" branch="false"/>
                                <line number="43" hits="1" branch="false"/>
                                <line number="43" hits="0" branch="false"/>
                            </lines>
</method>
                        <method 
                        name="controllers.admin/ReverseAdminProgramController/newVersionFrom" signature="()V" line-rate="1.00" branch-rate="1.00" complexity="0">
                            <lines>
                                <line number="50" hits="1" branch="false"/>
                                <line number="50" hits="1" branch="false"/>
                                <line number="50" hits="1" branch="false"/>
                                <line number="50" hits="1" branch="false"/>
                            </lines>
</method>
                        <method 
                        name="controllers.admin/ReverseAdminProgramController/update" signature="()V" line-rate="1.00" branch-rate="1.00" complexity="0">
                            <lines>
                                <line number="56" hits="1" branch="false"/>
                                <line number="56" hits="1" branch="false"/>
                                <line number="56" hits="1" branch="false"/>
                                <line number="56" hits="1" branch="false"/>
                                <line number="56" hits="1" branch="false"/>
                                <line number="56" hits="1" branch="false"/>
                                <line number="56" hits="1" branch="false"/>
                                <line number="56" hits="1" branch="false"/>
                            </lines>
</method>
                        <method 
                        name="controllers.admin/ReverseAdminProgramController/publish" signature="()V" line-rate="1.00" branch-rate="1.00" complexity="0">
                            <lines>
                                <line number="62" hits="1" branch="false"/>
                                <line number="62" hits="1" branch="false"/>
                                <line number="62" hits="1" branch="false"/>
                                <line number="62" hits="1" branch="false"/>
                            </lines>
</method>
                        <method 
                        name="controllers.admin/ReverseAdminProgramController/index" signature="()V" line-rate="1.00" branch-rate="1.00" complexity="0">
                            <lines>
                                <line number="80" hits="1" branch="false"/>
                                <line number="80" hits="1" branch="false"/>
                                <line number="80" hits="1" branch="false"/>
                                <line number="80" hits="1" branch="false"/>
                            </lines>
</method>
                    </methods>
                    <lines>
                        <line number="62" hits="1" branch="false"/>
                        <line number="80" hits="1" branch="false"/>
                        <line number="43" hits="1" branch="true"/>
                        <line number="56" hits="1" branch="false"/>
                        <line number="74" hits="1" branch="false"/>
                        <line number="56" hits="1" branch="false"/>
                        <line number="68" hits="1" branch="false"/>
                        <line number="80" hits="1" branch="false"/>
                        <line number="43" hits="0" branch="true"/>
                        <line number="74" hits="1" branch="false"/>
                        <line number="86" hits="1" branch="false"/>
                        <line number="50" hits="1" branch="false"/>
                        <line number="56" hits="1" branch="false"/>
                        <line number="43" hits="1" branch="false"/>
                        <line number="56" hits="1" branch="false"/>
                        <line number="62" hits="1" branch="false"/>
                        <line number="74" hits="1" branch="false"/>
                        <line number="56" hits="1" branch="false"/>
                        <line number="62" hits="1" branch="false"/>
                        <line number="43" hits="1" branch="false"/>
                        <line number="86" hits="1" branch="false"/>
                        <line number="80" hits="1" branch="false"/>
                        <line number="56" hits="1" branch="false"/>
                        <line number="68" hits="1" branch="false"/>
                        <line number="43" hits="0" branch="false"/>
                        <line number="56" hits="1" branch="false"/>
                        <line number="68" hits="1" branch="false"/>
                        <line number="50" hits="1" branch="false"/>
                        <line number="86" hits="1" branch="false"/>
                        <line number="80" hits="1" branch="false"/>
                        <line number="68" hits="1" branch="false"/>
                        <line number="50" hits="1" branch="false"/>
                        <line number="56" hits="1" branch="false"/>
                        <line number="62" hits="1" branch="false"/>
                        <line number="74" hits="1" branch="false"/>
                        <line number="86" hits="1" branch="false"/>
                        <line number="50" hits="1" branch="false"/>
                    </lines>
</class>
                <class 
                name="controllers.admin.ReverseTrustedIntermediaryManagementController" filename="controllers/admin/ReverseRoutes.scala" line-rate="0.24" branch-rate="0.50" complexity="0">
                    <methods>
                        <method 
                        name="controllers.admin/ReverseTrustedIntermediaryManagementController/index" signature="()V" line-rate="1.00" branch-rate="1.00" complexity="0">
                            <lines>
                                <line number="245" hits="1" branch="false"/>
                                <line number="245" hits="1" branch="false"/>
                                <line number="245" hits="1" branch="false"/>
                                <line number="245" hits="1" branch="false"/>
                            </lines>
</method>
                        <method 
                        name="controllers.admin/ReverseTrustedIntermediaryManagementController/create" signature="()V" line-rate="0.00" branch-rate="0.00" complexity="0">
                            <lines>
                                <line number="233" hits="0" branch="false"/>
                                <line number="233" hits="0" branch="false"/>
                                <line number="233" hits="0" branch="false"/>
                                <line number="233" hits="0" branch="false"/>
                            </lines>
</method>
                        <method 
                        name="controllers.admin/ReverseTrustedIntermediaryManagementController/edit" signature="()V" line-rate="0.00" branch-rate="0.00" complexity="0">
                            <lines>
                                <line number="221" hits="0" branch="false"/>
                                <line number="221" hits="0" branch="false"/>
                                <line number="221" hits="0" branch="false"/>
                                <line number="221" hits="0" branch="false"/>
                            </lines>
</method>
                        <method 
                        name="controllers.admin/ReverseTrustedIntermediaryManagementController/removeIntermediary" signature="()V" line-rate="0.00" branch-rate="0.00" complexity="0">
                            <lines>
                                <line number="227" hits="0" branch="false"/>
                                <line number="227" hits="0" branch="false"/>
                                <line number="227" hits="0" branch="false"/>
                                <line number="227" hits="0" branch="false"/>
                            </lines>
</method>
                        <method 
                        name="controllers.admin/ReverseTrustedIntermediaryManagementController/addIntermediary" signature="()V" line-rate="0.00" branch-rate="0.00" complexity="0">
                            <lines>
                                <line number="239" hits="0" branch="false"/>
                                <line number="239" hits="0" branch="false"/>
                                <line number="239" hits="0" branch="false"/>
                                <line number="239" hits="0" branch="false"/>
                            </lines>
</method>
                        <method 
                        name="controllers.admin/ReverseTrustedIntermediaryManagementController/delete" signature="()V" line-rate="0.00" branch-rate="0.00" complexity="0">
                            <lines>
                                <line number="215" hits="0" branch="false"/>
                                <line number="215" hits="0" branch="false"/>
                                <line number="215" hits="0" branch="false"/>
                                <line number="215" hits="0" branch="false"/>
                            </lines>
</method>
                        <method 
                        name="controllers.admin/ReverseTrustedIntermediaryManagementController/_defaultPrefix" signature="()V" line-rate="0.60" branch-rate="0.50" complexity="0">
                            <lines>
                                <line number="208" hits="0" branch="false"/>
                                <line number="208" hits="1" branch="false"/>
                                <line number="208" hits="1" branch="true"/>
                                <line number="208" hits="0" branch="true"/>
                                <line number="208" hits="1" branch="false"/>
                            </lines>
</method>
                    </methods>
                    <lines>
                        <line number="233" hits="0" branch="false"/>
                        <line number="245" hits="1" branch="false"/>
                        <line number="239" hits="0" branch="false"/>
                        <line number="208" hits="0" branch="false"/>
                        <line number="221" hits="0" branch="false"/>
                        <line number="227" hits="0" branch="false"/>
                        <line number="239" hits="0" branch="false"/>
                        <line number="215" hits="0" branch="false"/>
                        <line number="221" hits="0" branch="false"/>
                        <line number="208" hits="1" branch="false"/>
                        <line number="245" hits="1" branch="false"/>
                        <line number="215" hits="0" branch="false"/>
                        <line number="233" hits="0" branch="false"/>
                        <line number="233" hits="0" branch="false"/>
                        <line number="208" hits="1" branch="true"/>
                        <line number="221" hits="0" branch="false"/>
                        <line number="215" hits="0" branch="false"/>
                        <line number="227" hits="0" branch="false"/>
                        <line number="239" hits="0" branch="false"/>
                        <line number="208" hits="0" branch="true"/>
                        <line number="227" hits="0" branch="false"/>
                        <line number="239" hits="0" branch="false"/>
                        <line number="227" hits="0" branch="false"/>
                        <line number="245" hits="1" branch="false"/>
                        <line number="215" hits="0" branch="false"/>
                        <line number="245" hits="1" branch="false"/>
                        <line number="221" hits="0" branch="false"/>
                        <line number="233" hits="0" branch="false"/>
                        <line number="208" hits="1" branch="false"/>
                    </lines>
</class>
                <class 
                name="controllers.admin.ReverseProgramAdminController" filename="controllers/admin/ReverseRoutes.scala" line-rate="0.00" branch-rate="0.00" complexity="0">
                    <methods>
                        <method 
                        name="controllers.admin/ReverseProgramAdminController/_defaultPrefix" signature="()V" line-rate="0.00" branch-rate="0.00" complexity="0">
                            <lines>
                                <line number="337" hits="0" branch="false"/>
                                <line number="337" hits="0" branch="false"/>
                                <line number="337" hits="0" branch="true"/>
                                <line number="337" hits="0" branch="true"/>
                                <line number="337" hits="0" branch="false"/>
                            </lines>
</method>
                        <method 
                        name="controllers.admin/ReverseProgramAdminController/index" signature="()V" line-rate="0.00" branch-rate="0.00" complexity="0">
                            <lines>
                                <line number="344" hits="0" branch="false"/>
                                <line number="344" hits="0" branch="false"/>
                                <line number="344" hits="0" branch="false"/>
                                <line number="344" hits="0" branch="false"/>
                            </lines>
</method>
                    </methods>
                    <lines>
                        <line number="337" hits="0" branch="false"/>
                        <line number="344" hits="0" branch="false"/>
                        <line number="337" hits="0" branch="false"/>
                        <line number="344" hits="0" branch="false"/>
                        <line number="337" hits="0" branch="true"/>
                        <line number="344" hits="0" branch="false"/>
                        <line number="337" hits="0" branch="true"/>
                        <line number="344" hits="0" branch="false"/>
                        <line number="337" hits="0" branch="false"/>
                    </lines>
</class>
                <class 
                name="controllers.admin.ReverseAdminProgramBlocksController" filename="controllers/admin/ReverseRoutes.scala" line-rate="0.94" branch-rate="0.50" complexity="0">
                    <methods>
                        <method 
                        name="controllers.admin/ReverseAdminProgramBlocksController/create" signature="()V" line-rate="1.00" branch-rate="1.00" complexity="0">
                            <lines>
                                <line number="188" hits="1" branch="false"/>
                                <line number="188" hits="1" branch="false"/>
                                <line number="188" hits="1" branch="false"/>
                                <line number="188" hits="1" branch="false"/>
                            </lines>
</method>
                        <method 
                        name="controllers.admin/ReverseAdminProgramBlocksController/_defaultPrefix" signature="()V" line-rate="0.60" branch-rate="0.50" complexity="0">
                            <lines>
                                <line number="163" hits="0" branch="false"/>
                                <line number="163" hits="1" branch="false"/>
                                <line number="163" hits="1" branch="true"/>
                                <line number="163" hits="1" branch="false"/>
                                <line number="163" hits="0" branch="true"/>
                            </lines>
</method>
                        <method 
                        name="controllers.admin/ReverseAdminProgramBlocksController/edit" signature="()V" line-rate="1.00" branch-rate="1.00" complexity="0">
                            <lines>
                                <line number="200" hits="1" branch="false"/>
                                <line number="200" hits="1" branch="false"/>
                                <line number="200" hits="1" branch="false"/>
                                <line number="200" hits="1" branch="false"/>
                            </lines>
</method>
                        <method 
                        name="controllers.admin/ReverseAdminProgramBlocksController/update" signature="()V" line-rate="1.00" branch-rate="1.00" complexity="0">
                            <lines>
                                <line number="170" hits="1" branch="false"/>
                                <line number="170" hits="1" branch="false"/>
                                <line number="170" hits="1" branch="false"/>
                                <line number="170" hits="1" branch="false"/>
                                <line number="170" hits="1" branch="false"/>
                                <line number="170" hits="1" branch="false"/>
                                <line number="170" hits="1" branch="false"/>
                                <line number="170" hits="1" branch="false"/>
                                <line number="170" hits="1" branch="false"/>
                                <line number="170" hits="1" branch="false"/>
                                <line number="170" hits="1" branch="false"/>
                            </lines>
</method>
                        <method 
                        name="controllers.admin/ReverseAdminProgramBlocksController/index" signature="()V" line-rate="1.00" branch-rate="1.00" complexity="0">
                            <lines>
                                <line number="176" hits="1" branch="false"/>
                                <line number="176" hits="1" branch="false"/>
                                <line number="176" hits="1" branch="false"/>
                                <line number="176" hits="1" branch="false"/>
                            </lines>
</method>
                        <method 
                        name="controllers.admin/ReverseAdminProgramBlocksController/move" signature="()V" line-rate="1.00" branch-rate="1.00" complexity="0">
                            <lines>
                                <line number="182" hits="1" branch="false"/>
                                <line number="182" hits="1" branch="false"/>
                                <line number="182" hits="1" branch="false"/>
                                <line number="182" hits="1" branch="false"/>
                            </lines>
</method>
                        <method 
                        name="controllers.admin/ReverseAdminProgramBlocksController/destroy" signature="()V" line-rate="1.00" branch-rate="1.00" complexity="0">
                            <lines>
                                <line number="194" hits="1" branch="false"/>
                                <line number="194" hits="1" branch="false"/>
                                <line number="194" hits="1" branch="false"/>
                                <line number="194" hits="1" branch="false"/>
                            </lines>
</method>
                    </methods>
                    <lines>
                        <line number="170" hits="1" branch="false"/>
                        <line number="163" hits="0" branch="false"/>
                        <line number="182" hits="1" branch="false"/>
                        <line number="194" hits="1" branch="false"/>
                        <line number="170" hits="1" branch="false"/>
                        <line number="170" hits="1" branch="false"/>
                        <line number="200" hits="1" branch="false"/>
                        <line number="188" hits="1" branch="false"/>
                        <line number="188" hits="1" branch="false"/>
                        <line number="170" hits="1" branch="false"/>
                        <line number="163" hits="1" branch="false"/>
                        <line number="176" hits="1" branch="false"/>
                        <line number="170" hits="1" branch="false"/>
                        <line number="176" hits="1" branch="false"/>
                        <line number="188" hits="1" branch="false"/>
                        <line number="200" hits="1" branch="false"/>
                        <line number="182" hits="1" branch="false"/>
                        <line number="163" hits="1" branch="true"/>
                        <line number="170" hits="1" branch="false"/>
                        <line number="194" hits="1" branch="false"/>
                        <line number="170" hits="1" branch="false"/>
                        <line number="200" hits="1" branch="false"/>
                        <line number="170" hits="1" branch="false"/>
                        <line number="182" hits="1" branch="false"/>
                        <line number="194" hits="1" branch="false"/>
                        <line number="188" hits="1" branch="false"/>
                        <line number="200" hits="1" branch="false"/>
                        <line number="170" hits="1" branch="false"/>
                        <line number="176" hits="1" branch="false"/>
                        <line number="194" hits="1" branch="false"/>
                        <line number="170" hits="1" branch="false"/>
                        <line number="176" hits="1" branch="false"/>
                        <line number="163" hits="1" branch="false"/>
                        <line number="182" hits="1" branch="false"/>
                        <line number="163" hits="0" branch="true"/>
                        <line number="170" hits="1" branch="false"/>
                    </lines>
</class>
                <class 
                name="controllers.admin.ReverseAdminQuestionTranslationsController" filename="controllers/admin/ReverseRoutes.scala" line-rate="0.90" branch-rate="0.50" complexity="0">
                    <methods>
                        <method 
                        name="controllers.admin/ReverseAdminQuestionTranslationsController/update" signature="()V" line-rate="1.00" branch-rate="1.00" complexity="0">
                            <lines>
                                <line number="155" hits="1" branch="false"/>
                                <line number="155" hits="1" branch="false"/>
                                <line number="155" hits="1" branch="false"/>
                                <line number="155" hits="1" branch="false"/>
                                <line number="155" hits="1" branch="false"/>
                                <line number="155" hits="1" branch="false"/>
                                <line number="155" hits="1" branch="false"/>
                                <line number="155" hits="1" branch="false"/>
                                <line number="155" hits="1" branch="false"/>
                                <line number="155" hits="1" branch="false"/>
                                <line number="155" hits="1" branch="false"/>
                            </lines>
</method>
                        <method 
                        name="controllers.admin/ReverseAdminQuestionTranslationsController/edit" signature="()V" line-rate="1.00" branch-rate="1.00" complexity="0">
                            <lines>
                                <line number="149" hits="1" branch="false"/>
                                <line number="149" hits="1" branch="false"/>
                                <line number="149" hits="1" branch="false"/>
                                <line number="149" hits="1" branch="false"/>
                            </lines>
</method>
                        <method 
                        name="controllers.admin/ReverseAdminQuestionTranslationsController/_defaultPrefix" signature="()V" line-rate="0.60" branch-rate="0.50" complexity="0">
                            <lines>
                                <line number="142" hits="1" branch="true"/>
                                <line number="142" hits="0" branch="true"/>
                                <line number="142" hits="1" branch="false"/>
                                <line number="142" hits="1" branch="false"/>
                                <line number="142" hits="0" branch="false"/>
                            </lines>
</method>
                    </methods>
                    <lines>
                        <line number="155" hits="1" branch="false"/>
                        <line number="155" hits="1" branch="false"/>
                        <line number="149" hits="1" branch="false"/>
                        <line number="155" hits="1" branch="false"/>
                        <line number="142" hits="1" branch="true"/>
                        <line number="149" hits="1" branch="false"/>
                        <line number="142" hits="0" branch="true"/>
                        <line number="155" hits="1" branch="false"/>
                        <line number="155" hits="1" branch="false"/>
                        <line number="149" hits="1" branch="false"/>
                        <line number="155" hits="1" branch="false"/>
                        <line number="155" hits="1" branch="false"/>
                        <line number="142" hits="1" branch="false"/>
                        <line number="142" hits="1" branch="false"/>
                        <line number="155" hits="1" branch="false"/>
                        <line number="155" hits="1" branch="false"/>
                        <line number="142" hits="0" branch="false"/>
                        <line number="155" hits="1" branch="false"/>
                        <line number="155" hits="1" branch="false"/>
                        <line number="149" hits="1" branch="false"/>
                    </lines>
</class>
                <class 
                name="controllers.admin.ReverseAdminProgramBlockPredicatesController" filename="controllers/admin/ReverseRoutes.scala" line-rate="0.88" branch-rate="0.50" complexity="0">
                    <methods>
                        <method 
                        name="controllers.admin/ReverseAdminProgramBlockPredicatesController/_defaultPrefix" signature="()V" line-rate="0.60" branch-rate="0.50" complexity="0">
                            <lines>
                                <line number="16" hits="1" branch="false"/>
                                <line number="16" hits="0" branch="true"/>
                                <line number="16" hits="0" branch="false"/>
                                <line number="16" hits="1" branch="false"/>
                                <line number="16" hits="1" branch="true"/>
                            </lines>
</method>
                        <method 
                        name="controllers.admin/ReverseAdminProgramBlockPredicatesController/update" signature="()V" line-rate="1.00" branch-rate="1.00" complexity="0">
                            <lines>
                                <line number="29" hits="1" branch="false"/>
                                <line number="29" hits="1" branch="false"/>
                                <line number="29" hits="1" branch="false"/>
                                <line number="29" hits="1" branch="false"/>
                            </lines>
</method>
                        <method 
                        name="controllers.admin/ReverseAdminProgramBlockPredicatesController/destroy" signature="()V" line-rate="1.00" branch-rate="1.00" complexity="0">
                            <lines>
                                <line number="35" hits="1" branch="false"/>
                                <line number="35" hits="1" branch="false"/>
                                <line number="35" hits="1" branch="false"/>
                                <line number="35" hits="1" branch="false"/>
                            </lines>
</method>
                        <method 
                        name="controllers.admin/ReverseAdminProgramBlockPredicatesController/edit" signature="()V" line-rate="1.00" branch-rate="1.00" complexity="0">
                            <lines>
                                <line number="23" hits="1" branch="false"/>
                                <line number="23" hits="1" branch="false"/>
                                <line number="23" hits="1" branch="false"/>
                                <line number="23" hits="1" branch="false"/>
                            </lines>
</method>
                    </methods>
                    <lines>
                        <line number="16" hits="1" branch="false"/>
                        <line number="29" hits="1" branch="false"/>
                        <line number="35" hits="1" branch="false"/>
                        <line number="16" hits="0" branch="true"/>
                        <line number="16" hits="0" branch="false"/>
                        <line number="29" hits="1" branch="false"/>
                        <line number="23" hits="1" branch="false"/>
                        <line number="35" hits="1" branch="false"/>
                        <line number="16" hits="1" branch="false"/>
                        <line number="29" hits="1" branch="false"/>
                        <line number="23" hits="1" branch="false"/>
                        <line number="16" hits="1" branch="true"/>
                        <line number="29" hits="1" branch="false"/>
                        <line number="23" hits="1" branch="false"/>
                        <line number="35" hits="1" branch="false"/>
                        <line number="23" hits="1" branch="false"/>
                        <line number="35" hits="1" branch="false"/>
                    </lines>
</class>
                <class 
                name="controllers.admin.ReverseAdminVersionController" filename="controllers/admin/ReverseRoutes.scala" line-rate="0.54" branch-rate="0.50" complexity="0">
                    <methods>
                        <method 
                        name="controllers.admin/ReverseAdminVersionController/index" signature="()V" line-rate="1.00" branch-rate="1.00" complexity="0">
                            <lines>
                                <line number="323" hits="1" branch="false"/>
                                <line number="323" hits="1" branch="false"/>
                                <line number="323" hits="1" branch="false"/>
                                <line number="323" hits="1" branch="false"/>
                            </lines>
</method>
                        <method 
                        name="controllers.admin/ReverseAdminVersionController/setVersionLive" signature="()V" line-rate="0.00" branch-rate="0.00" complexity="0">
                            <lines>
                                <line number="329" hits="0" branch="false"/>
                                <line number="329" hits="0" branch="false"/>
                                <line number="329" hits="0" branch="false"/>
                                <line number="329" hits="0" branch="false"/>
                            </lines>
</method>
                        <method 
                        name="controllers.admin/ReverseAdminVersionController/_defaultPrefix" signature="()V" line-rate="0.60" branch-rate="0.50" complexity="0">
                            <lines>
                                <line number="316" hits="1" branch="false"/>
                                <line number="316" hits="0" branch="true"/>
                                <line number="316" hits="0" branch="false"/>
                                <line number="316" hits="1" branch="false"/>
                                <line number="316" hits="1" branch="true"/>
                            </lines>
</method>
                    </methods>
                    <lines>
                        <line number="323" hits="1" branch="false"/>
                        <line number="329" hits="0" branch="false"/>
                        <line number="316" hits="1" branch="false"/>
                        <line number="316" hits="0" branch="true"/>
                        <line number="329" hits="0" branch="false"/>
                        <line number="316" hits="0" branch="false"/>
                        <line number="323" hits="1" branch="false"/>
                        <line number="316" hits="1" branch="false"/>
                        <line number="329" hits="0" branch="false"/>
                        <line number="329" hits="0" branch="false"/>
                        <line number="316" hits="1" branch="true"/>
                        <line number="323" hits="1" branch="false"/>
                        <line number="323" hits="1" branch="false"/>
                    </lines>
</class>
                <class 
                name="controllers.admin.ReverseProgramAdminManagementController" filename="controllers/admin/ReverseRoutes.scala" line-rate="0.85" branch-rate="0.50" complexity="0">
                    <methods>
                        <method 
                        name="controllers.admin/ReverseProgramAdminManagementController/_defaultPrefix" signature="()V" line-rate="0.60" branch-rate="0.50" complexity="0">
                            <lines>
                                <line number="436" hits="0" branch="false"/>
                                <line number="436" hits="1" branch="true"/>
                                <line number="436" hits="1" branch="false"/>
                                <line number="436" hits="0" branch="true"/>
                                <line number="436" hits="1" branch="false"/>
                            </lines>
</method>
                        <method 
                        name="controllers.admin/ReverseProgramAdminManagementController/update" signature="()V" line-rate="1.00" branch-rate="1.00" complexity="0">
                            <lines>
                                <line number="449" hits="1" branch="false"/>
                                <line number="449" hits="1" branch="false"/>
                                <line number="449" hits="1" branch="false"/>
                                <line number="449" hits="1" branch="false"/>
                            </lines>
</method>
                        <method 
                        name="controllers.admin/ReverseProgramAdminManagementController/edit" signature="()V" line-rate="1.00" branch-rate="1.00" complexity="0">
                            <lines>
                                <line number="443" hits="1" branch="false"/>
                                <line number="443" hits="1" branch="false"/>
                                <line number="443" hits="1" branch="false"/>
                                <line number="443" hits="1" branch="false"/>
                            </lines>
</method>
                    </methods>
                    <lines>
                        <line number="436" hits="0" branch="false"/>
                        <line number="449" hits="1" branch="false"/>
                        <line number="443" hits="1" branch="false"/>
                        <line number="443" hits="1" branch="false"/>
                        <line number="436" hits="1" branch="true"/>
                        <line number="449" hits="1" branch="false"/>
                        <line number="436" hits="1" branch="false"/>
                        <line number="449" hits="1" branch="false"/>
                        <line number="436" hits="0" branch="true"/>
                        <line number="443" hits="1" branch="false"/>
                        <line number="443" hits="1" branch="false"/>
                        <line number="436" hits="1" branch="false"/>
                        <line number="449" hits="1" branch="false"/>
                    </lines>
[...]
                        <line number="2495" hits="0" branch="false"/>
                        <line number="2563" hits="0" branch="false"/>
                        <line number="2570" hits="0" branch="false"/>
                        <line number="2289" hits="0" branch="false"/>
                        <line number="184" hits="0" branch="false"/>
                        <line number="2371" hits="0" branch="false"/>
                        <line number="204" hits="0" branch="false"/>
                        <line number="207" hits="0" branch="false"/>
                        <line number="2770" hits="1" branch="false"/>
                        <line number="2514" hits="0" branch="false"/>
                        <line number="2521" hits="0" branch="false"/>
                        <line number="2251" hits="0" branch="false"/>
                        <line number="180" hits="0" branch="false"/>
                        <line number="258" hits="0" branch="false"/>
                        <line number="2607" hits="0" branch="false"/>
                        <line number="2833" hits="0" branch="false"/>
                        <line number="2344" hits="0" branch="false"/>
                        <line number="2270" hits="1" branch="false"/>
                        <line number="182" hits="0" branch="false"/>
                        <line number="2833" hits="0" branch="false"/>
                        <line number="2352" hits="0" branch="false"/>
                        <line number="2593" hits="0" branch="false"/>
                        <line number="200" hits="0" branch="false"/>
                        <line number="2330" hits="0" branch="false"/>
                        <line number="2365" hits="0" branch="false"/>
                        <line number="2337" hits="0" branch="false"/>
                        <line number="202" hits="0" branch="false"/>
                        <line number="154" hits="1" branch="false"/>
                        <line number="2542" hits="0" branch="false"/>
                        <line number="154" hits="1" branch="false"/>
                        <line number="2791" hits="0" branch="false"/>
                        <line number="2549" hits="0" branch="false"/>
                        <line number="263" hits="0" branch="false"/>
                        <line number="2557" hits="0" branch="false"/>
                        <line number="2257" hits="1" branch="false"/>
                        <line number="180" hits="0" branch="false"/>
                        <line number="2723" hits="0" branch="false"/>
                        <line number="2438" hits="0" branch="false"/>
                        <line number="232" hits="0" branch="false"/>
                        <line number="2757" hits="0" branch="false"/>
                        <line number="2757" hits="0" branch="false"/>
                        <line number="2507" hits="0" branch="false"/>
                        <line number="174" hits="0" branch="false"/>
                        <line number="252" hits="0" branch="false"/>
                        <line number="261" hits="0" branch="false"/>
                        <line number="2508" hits="0" branch="false"/>
                        <line number="254" hits="0" branch="false"/>
                        <line number="176" hits="0" branch="false"/>
                        <line number="169" hits="0" branch="false"/>
                        <line number="178" hits="0" branch="false"/>
                        <line number="194" hits="0" branch="false"/>
                        <line number="2316" hits="0" branch="false"/>
                        <line number="2696" hits="0" branch="false"/>
                        <line number="2432" hits="0" branch="false"/>
                        <line number="2750" hits="0" branch="false"/>
                        <line number="2743" hits="0" branch="false"/>
                        <line number="2487" hits="0" branch="false"/>
                        <line number="2467" hits="0" branch="false"/>
                        <line number="248" hits="0" branch="false"/>
                        <line number="2493" hits="0" branch="false"/>
                        <line number="2743" hits="0" branch="false"/>
                        <line number="250" hits="0" branch="false"/>
                        <line number="2472" hits="0" branch="false"/>
                        <line number="243" hits="0" branch="false"/>
                        <line number="165" hits="0" branch="false"/>
                        <line number="2771" hits="1" branch="false"/>
                        <line number="2563" hits="0" branch="false"/>
                        <line number="2276" hits="1" branch="false"/>
                        <line number="167" hits="0" branch="false"/>
                        <line number="2291" hits="0" branch="false"/>
                        <line number="185" hits="0" branch="false"/>
                        <line number="2296" hits="0" branch="false"/>
                        <line number="187" hits="0" branch="false"/>
                        <line number="2729" hits="0" branch="false"/>
                        <line number="2736" hits="0" branch="false"/>
                        <line number="2452" hits="0" branch="false"/>
                        <line number="2722" hits="0" branch="false"/>
                        <line number="2481" hits="0" branch="false"/>
                        <line number="2736" hits="0" branch="false"/>
                        <line number="2461" hits="0" branch="false"/>
                        <line number="245" hits="0" branch="false"/>
                        <line number="239" hits="0" branch="false"/>
                        <line number="154" hits="1" branch="false"/>
                        <line number="2770" hits="1" branch="false"/>
                        <line number="2514" hits="0" branch="false"/>
                        <line number="162" hits="0" branch="false"/>
                        <line number="241" hits="0" branch="false"/>
                        <line number="154" hits="1" branch="false"/>
                        <line number="2770" hits="1" branch="false"/>
                        <line number="2528" hits="0" branch="false"/>
                        <line number="259" hits="0" branch="false"/>
                        <line number="183" hits="0" branch="false"/>
                        <line number="2708" hits="0" branch="false"/>
                        <line number="2438" hits="0" branch="false"/>
                        <line number="2715" hits="0" branch="false"/>
                        <line number="2425" hits="0" branch="false"/>
                        <line number="234" hits="0" branch="false"/>
                        <line number="2750" hits="0" branch="false"/>
                        <line number="236" hits="0" branch="false"/>
                        <line number="2765" hits="1" branch="false"/>
                        <line number="257" hits="0" branch="false"/>
                        <line number="171" hits="0" branch="false"/>
                        <line number="2701" hits="0" branch="false"/>
                        <line number="189" hits="0" branch="false"/>
                        <line number="192" hits="0" branch="false"/>
                        <line number="2729" hits="0" branch="false"/>
                        <line number="2438" hits="0" branch="false"/>
                        <line number="233" hits="0" branch="false"/>
                        <line number="242" hits="0" branch="false"/>
                        <line number="2438" hits="0" branch="false"/>
                        <line number="235" hits="0" branch="false"/>
                        <line number="2507" hits="0" branch="false"/>
                        <line number="253" hits="0" branch="false"/>
                        <line number="2862" hits="1" branch="false"/>
                        <line number="2694" hits="0" branch="false"/>
                        <line number="2701" hits="0" branch="false"/>
                        <line number="2414" hits="0" branch="false"/>
                        <line number="221" hits="0" branch="false"/>
                        <line number="2702" hits="0" branch="false"/>
                        <line number="2419" hits="0" branch="false"/>
                        <line number="2903" hits="0" branch="false"/>
                        <line number="2911" hits="1" branch="false"/>
                        <line number="2405" hits="0" branch="false"/>
                        <line number="239" hits="0" branch="false"/>
                        <line number="154" hits="1" branch="false"/>
                        <line number="257" hits="0" branch="false"/>
                        <line number="154" hits="1" branch="false"/>
                        <line number="2653" hits="0" branch="false"/>
                        <line number="260" hits="0" branch="false"/>
                        <line number="174" hits="0" branch="false"/>
                        <line number="177" hits="0" branch="false"/>
                        <line number="2708" hits="0" branch="false"/>
                        <line number="2425" hits="0" branch="false"/>
                        <line number="2715" hits="0" branch="false"/>
                        <line number="2432" hits="0" branch="false"/>
                        <line number="228" hits="0" branch="false"/>
                        <line number="2750" hits="0" branch="false"/>
                        <line number="2486" hits="0" branch="false"/>
                        <line number="154" hits="1" branch="false"/>
                        <line number="2737" hits="0" branch="false"/>
                        <line number="230" hits="0" branch="false"/>
                        <line number="2750" hits="0" branch="false"/>
                        <line number="255" hits="0" branch="false"/>
                        <line number="2493" hits="0" branch="false"/>
                        <line number="248" hits="0" branch="false"/>
                        <line number="170" hits="0" branch="false"/>
                        <line number="163" hits="0" branch="false"/>
                        <line number="2500" hits="0" branch="false"/>
                        <line number="172" hits="0" branch="false"/>
                        <line number="251" hits="0" branch="false"/>
                        <line number="165" hits="0" branch="false"/>
                        <line number="2931" hits="0" branch="false"/>
                        <line number="2674" hits="1" branch="false"/>
                        <line number="2687" hits="0" branch="false"/>
                        <line number="224" hits="0" branch="false"/>
                        <line number="2405" hits="0" branch="false"/>
                        <line number="217" hits="0" branch="false"/>
                        <line number="2743" hits="0" branch="false"/>
                        <line number="2729" hits="0" branch="false"/>
                        <line number="2472" hits="0" branch="false"/>
                        <line number="226" hits="0" branch="false"/>
                        <line number="219" hits="0" branch="false"/>
                        <line number="2745" hits="0" branch="false"/>
                        <line number="2473" hits="0" branch="false"/>
                        <line number="2736" hits="0" branch="false"/>
                        <line number="244" hits="0" branch="false"/>
                        <line number="2453" hits="0" branch="false"/>
                        <line number="237" hits="0" branch="false"/>
                        <line number="154" hits="1" branch="false"/>
                        <line number="246" hits="0" branch="false"/>
                        <line number="168" hits="0" branch="false"/>
                        <line number="2459" hits="0" branch="false"/>
                        <line number="158" hits="1" branch="true"/>
                        <line number="179" hits="0" branch="false"/>
                        <line number="2660" hits="0" branch="false"/>
                        <line number="2875" hits="1" branch="false"/>
                        <line number="2889" hits="0" branch="false"/>
                        <line number="2667" hits="1" branch="false"/>
                        <line number="2392" hits="0" branch="false"/>
                        <line number="2647" hits="0" branch="false"/>
                        <line number="2722" hits="0" branch="false"/>
                        <line number="2432" hits="0" branch="false"/>
                        <line number="2399" hits="0" branch="false"/>
                        <line number="2701" hits="0" branch="false"/>
                        <line number="2419" hits="0" branch="false"/>
                        <line number="222" hits="0" branch="false"/>
                        <line number="2420" hits="0" branch="false"/>
                        <line number="224" hits="0" branch="false"/>
                        <line number="242" hits="0" branch="false"/>
                        <line number="166" hits="0" branch="false"/>
                        <line number="245" hits="0" branch="false"/>
                        <line number="154" hits="1" branch="false"/>
                        <line number="2833" hits="0" branch="false"/>
                        <line number="2584" hits="0" branch="false"/>
                        <line number="162" hits="0" branch="false"/>
                        <line number="2903" hits="0" branch="false"/>
                        <line number="2653" hits="0" branch="false"/>
                        <line number="2918" hits="0" branch="false"/>
                        <line number="2662" hits="0" branch="false"/>
                        <line number="218" hits="0" branch="false"/>
                        <line number="2385" hits="0" branch="false"/>
                        <line number="2667" hits="1" branch="false"/>
                        <line number="2412" hits="0" branch="false"/>
                        <line number="220" hits="0" branch="false"/>
                        <line number="2394" hits="0" branch="false"/>
                        <line number="213" hits="0" branch="false"/>
                        <line number="2459" hits="0" branch="false"/>
                        <line number="2722" hits="0" branch="false"/>
                        <line number="238" hits="0" branch="false"/>
                        <line number="2432" hits="0" branch="false"/>
                        <line number="215" hits="0" branch="false"/>
                        <line number="2729" hits="0" branch="false"/>
                        <line number="2466" hits="0" branch="false"/>
                        <line number="240" hits="0" branch="false"/>
                        <line number="2438" hits="0" branch="false"/>
                        <line number="154" hits="1" branch="false"/>
                        <line number="154" hits="1" branch="false"/>
                        <line number="2646" hits="0" branch="false"/>
                        <line number="2848" hits="0" branch="false"/>
                        <line number="2891" hits="0" branch="false"/>
                        <line number="2861" hits="1" branch="false"/>
                        <line number="2653" hits="0" branch="false"/>
                        <line number="2371" hits="0" branch="false"/>
                        <line number="2612" hits="0" branch="false"/>
                        <line number="206" hits="0" branch="false"/>
                        <line number="2353" hits="0" branch="false"/>
                        <line number="2869" hits="0" branch="false"/>
                        <line number="2627" hits="0" branch="false"/>
                        <line number="2380" hits="0" branch="false"/>
                        <line number="2358" hits="0" branch="false"/>
                        <line number="209" hits="0" branch="false"/>
                        <line number="2708" hits="0" branch="false"/>
                        <line number="2425" hits="0" branch="false"/>
                        <line number="211" hits="0" branch="false"/>
                        <line number="2717" hits="0" branch="false"/>
                        <line number="2432" hits="0" branch="false"/>
                        <line number="229" hits="0" branch="false"/>
                        <line number="231" hits="0" branch="false"/>
                        <line number="2834" hits="0" branch="false"/>
                        <line number="2840" hits="0" branch="false"/>
                        <line number="2820" hits="1" branch="false"/>
                        <line number="2599" hits="0" branch="false"/>
                        <line number="2605" hits="0" branch="false"/>
                        <line number="2344" hits="0" branch="false"/>
                        <line number="164" hits="0" branch="false"/>
                        <line number="2680" hits="0" branch="false"/>
                        <line number="2399" hits="0" branch="false"/>
                        <line number="2687" hits="0" branch="false"/>
                        <line number="2405" hits="0" branch="false"/>
                        <line number="2445" hits="0" branch="false"/>
                        <line number="2814" hits="0" branch="false"/>
                        <line number="2591" hits="0" branch="false"/>
                        <line number="2875" hits="1" branch="false"/>
                        <line number="2708" hits="0" branch="false"/>
                        <line number="233" hits="0" branch="false"/>
                        <line number="227" hits="0" branch="false"/>
                        <line number="236" hits="0" branch="false"/>
                        <line number="154" hits="1" branch="false"/>
                        <line number="202" hits="0" branch="false"/>
                        <line number="2694" hits="0" branch="false"/>
                        <line number="2371" hits="0" branch="false"/>
                        <line number="204" hits="0" branch="false"/>
                    </lines>
                </class>
                <class 
                name="router.RoutesPrefix" filename="router/RoutesPrefix.scala" line-rate="1.00" branch-rate="1.00" complexity="0">
                    <methods>
                        <method name="router/RoutesPrefix/&lt;none&gt;" signature="()V" line-rate="1.00" branch-rate="1.00" complexity="0">
                            <lines>
                                <line number="12" hits="1" branch="false"/>
                                <line number="7" hits="1" branch="false"/>
                            </lines>
                        </method>
                        <method name="router/RoutesPrefix/prefix" signature="()V" line-rate="1.00" branch-rate="1.00" complexity="0">
                            <lines>
                                <line number="11" hits="1" branch="false"/>
                            </lines>
                        </method>
                        <method name="router/RoutesPrefix/setPrefix" signature="()V" line-rate="1.00" branch-rate="1.00" complexity="0">
                            <lines>
                                <line number="9" hits="1" branch="false"/>
                            </lines>
                        </method>
                    </methods>
                    <lines>
                        <line number="12" hits="1" branch="false"/>
                        <line number="11" hits="1" branch="false"/>
                        <line number="9" hits="1" branch="false"/>
                        <line number="7" hits="1" branch="false"/>
                    </lines>
</class>
            </classes>
        </package>
    </packages>
</coverage>
